[2025-03-05 17:54:07,586] 105 root - INFO - Leyendo los datos de entrenamiento
[2025-03-05 17:54:07,865] 72 root - INFO - Número total de palabras únicas en el corpus: 3526
[2025-03-05 17:54:07,865] 73 root - INFO - Total de palabras consideradas en el tokenizador: 3527
[2025-03-05 17:54:08,103] 82 root - INFO - Tokenizer guardado correctamente en artifacts\tokenizer.pkl
[2025-03-05 17:54:08,103] 83 root - INFO - Tamaño del vocabulario (incluyendo OOV): 3528
[2025-03-05 17:54:08,184] 92 root - INFO - Longitud máxima de una oración antes del padding: 88
[2025-03-05 17:54:08,184] 93 root - INFO - Longitud máxima establecida para padding: 88
[2025-03-05 17:54:08,189] 131 root - INFO - Label Encoder guardado en artifacts\label_encoder.pkl
[2025-03-05 17:54:08,189] 133 root - INFO - Cantidad de clases únicas en CLASIFICACION_CORRECTA: 29
[2025-03-05 17:54:08,192] 134 root - INFO - Distribución de clases:
CLASIFICACION_CORRECTA
Ica Solicita Diligencia    499
Agréguese A Tabla          437
Evacua Informe             413
Ica Informa                391
Dese Cuenta                358
Apercibe                   355
Nhl                        337
Fija Costas                321
Archivado                  314
Acoge                      302
Inadmisible/Omite          302
Admisibles                 292
Acumulación                288
Rechazada                  283
Retira                     280
Téngase Presente           279
Inhabilidad                272
Prescinde                  271
Cs                         259
Certifiquese               253
Concede Apelación          243
Multa                      237
Art / Numeral              216
Incompetencia              185
Ica Amplia Plazo           177
Oni                        150
Acuerdo                    146
Inicio Tramitación         136
Fallo/Desestima            113
Name: count, dtype: int64
[2025-03-05 17:54:08,193] 144 root - INFO - Pipeline guardado en artifacts\preprocessor.pkl
[2025-03-05 17:54:08,194] 146 root - INFO - Forma final de X (padded sequences): (8109, 88)
[2025-03-05 17:54:08,194] 147 root - INFO - Forma final de y (one-hot encoded labels): (8109, 29)
[2025-03-05 17:54:08,194] 148 root - INFO - Transformación de datos finalizada correctamente.
[2025-03-05 17:54:08,194] 137 root - INFO - Dividiendo datos en conjunto de entrenamiento y prueba...
[2025-03-05 17:54:08,202] 140 root - INFO - Shape de X_train: (6487, 88), X_test: (1622, 88)
[2025-03-05 17:54:08,203] 141 root - INFO - Shape de y_train: (6487, 29), y_test: (1622, 29)
[2025-03-05 17:54:08,211] 153 root - INFO - Construyendo y entrenando el modelo LSTM...
[2025-03-05 17:54:08,384] 48 root - INFO - Modelo LSTM bidireccional completado
[2025-03-05 17:54:08,384] 62 root - INFO - Iniciando entrenamiento del modelo LSTM...
[2025-03-05 17:55:48,046] 77 root - INFO - Entrenamiento completado.
[2025-03-05 17:55:48,468] 81 root - INFO - Precisión del modelo en test: 0.9482
[2025-03-05 17:55:48,469] 93 root - INFO - Métricas guardadas en artifacts\model_metrics.json
[2025-03-05 17:55:48,536] 98 root - INFO - Modelo guardado en artifacts\model.pkl
[2025-03-05 17:55:48,536] 156 root - INFO - Modelo entrenado exitosamente.
[2025-03-05 17:55:48,536] 164 root - ERROR - Error en el modelaje y entrenamiento
