[2025-03-05 17:59:23,004] 105 root - INFO - Leyendo los datos de entrenamiento
[2025-03-05 17:59:23,227] 72 root - INFO - Número total de palabras únicas en el corpus: 3526
[2025-03-05 17:59:23,227] 73 root - INFO - Total de palabras consideradas en el tokenizador: 3527
[2025-03-05 17:59:23,477] 82 root - INFO - Tokenizer guardado correctamente en artifacts\tokenizer.pkl
[2025-03-05 17:59:23,477] 83 root - INFO - Tamaño del vocabulario (incluyendo OOV): 3528
[2025-03-05 17:59:23,567] 92 root - INFO - Longitud máxima de una oración antes del padding: 88
[2025-03-05 17:59:23,568] 93 root - INFO - Longitud máxima establecida para padding: 88
[2025-03-05 17:59:23,573] 131 root - INFO - Label Encoder guardado en artifacts\label_encoder.pkl
[2025-03-05 17:59:23,573] 133 root - INFO - Cantidad de clases únicas en CLASIFICACION_CORRECTA: 29
[2025-03-05 17:59:23,574] 134 root - INFO - Distribución de clases:
CLASIFICACION_CORRECTA
Ica Solicita Diligencia    499
Agréguese A Tabla          437
Evacua Informe             413
Ica Informa                391
Dese Cuenta                358
Apercibe                   355
Nhl                        337
Fija Costas                321
Archivado                  314
Acoge                      302
Inadmisible/Omite          302
Admisibles                 292
Acumulación                288
Rechazada                  283
Retira                     280
Téngase Presente           279
Inhabilidad                272
Prescinde                  271
Cs                         259
Certifiquese               253
Concede Apelación          243
Multa                      237
Art / Numeral              216
Incompetencia              185
Ica Amplia Plazo           177
Oni                        150
Acuerdo                    146
Inicio Tramitación         136
Fallo/Desestima            113
Name: count, dtype: int64
[2025-03-05 17:59:23,575] 144 root - INFO - Pipeline guardado en artifacts\preprocessor.pkl
[2025-03-05 17:59:23,575] 146 root - INFO - Forma final de X (padded sequences): (8109, 88)
[2025-03-05 17:59:23,575] 147 root - INFO - Forma final de y (one-hot encoded labels): (8109, 29)
[2025-03-05 17:59:23,575] 148 root - INFO - Transformación de datos finalizada correctamente.
[2025-03-05 17:59:23,576] 137 root - INFO - Dividiendo datos en conjunto de entrenamiento y prueba...
[2025-03-05 17:59:23,579] 140 root - INFO - Shape de X_train: (6487, 88), X_test: (1622, 88)
[2025-03-05 17:59:23,579] 141 root - INFO - Shape de y_train: (6487, 29), y_test: (1622, 29)
[2025-03-05 17:59:23,588] 153 root - INFO - Construyendo y entrenando el modelo LSTM...
[2025-03-05 17:59:23,643] 48 root - INFO - Modelo LSTM bidireccional completado
[2025-03-05 17:59:23,643] 62 root - INFO - Iniciando entrenamiento del modelo LSTM...
[2025-03-05 18:01:11,433] 77 root - INFO - Entrenamiento completado.
[2025-03-05 18:01:11,917] 81 root - INFO - Precisión del modelo en test: 0.9556
[2025-03-05 18:01:11,918] 93 root - INFO - Métricas guardadas en artifacts\model_metrics.json
[2025-03-05 18:01:11,974] 98 root - INFO - Modelo guardado en artifacts\model.pkl
[2025-03-05 18:01:11,974] 156 root - INFO - Modelo entrenado exitosamente.
[2025-03-05 18:01:12,847] 159 root - INFO - Gráfica de entrenamiento guardada en artifacts/training_plot.png
